<beans xmlns="http://www.springframework.org/schema/beans"
	xmlns:xsi="http://www.w3.org/2001/XMLSchema-instance" 
	xmlns:p="http://www.springframework.org/schema/p"
	xmlns:context="http://www.springframework.org/schema/context" 
	xsi:schemaLocation="http://www.springframework.org/schema/beans   http://www.springframework.org/schema/beans/spring-beans-3.0.xsd  
           http://www.springframework.org/schema/context    http://www.springframework.org/schema/context/spring-context-3.0.xsd "
	default-autowire="byName">
	  
	
	<!-- 数据源 -->
	<bean id="dataSource" class="org.apache.commons.dbcp.BasicDataSource"
		destroy-method="close">
		<property name="driverClassName">
			<value>com.mysql.jdbc.Driver</value>
		</property>
		<property name="url">
			<value>jdbc:mysql://localhost:3306/snake?useUnicode=true&amp;characterEncoding=utf8</value>
		</property>
		<property name="username">
			<value>root</value>
		</property>
		<property name="password">
			<value>19950802</value>
		</property>
	</bean>
	
	
	<!-- 自动扫描controller bean，把作了注解的类转换为bean -->
	<context:component-scan base-package="com.snake" />
	<!-- 启动Spring MVC的注解功能，完成请求和注解POJO的映射 -->
	<bean
		class="org.springframework.web.servlet.mvc.annotation.AnnotationMethodHandlerAdapter" />
	<!-- 对模型视图名称的解析，在请求时模型视图名称添加前后缀 -->
	<!-- <bean
		class="org.springframework.web.servlet.view.InternalResourceViewResolver"
		p:prefix="" p:suffix=".jsp">
		<property name="order" value="0" />
	</bean> -->
	
	 <!-- 创建SqlSessionFactory，同时指定数据源 -->  
    <bean id="sqlSessionFactory" class="org.mybatis.spring.SqlSessionFactoryBean">  
        <property name="dataSource" ref="dataSource"/>
        <property name="mapperLocations" value="classpath*:com/snake/mapper/*.xml" />
    </bean>  
    
    <bean class="org.mybatis.spring.mapper.MapperScannerConfigurer">
        <property name="basePackage" value="com.snake.dao" />
    </bean>


	
    
      
   
</beans>  